<?xml version="1.0" ?>
<coverage branch-rate="0" branches-covered="0" branches-valid="0" complexity="0" line-rate="0.8581" lines-covered="647" lines-valid="754" timestamp="1544549425465" version="4.5.2">
	<!-- Generated by coverage.py: https://coverage.readthedocs.io -->
	<!-- Based on https://raw.githubusercontent.com/cobertura/web/master/htdocs/xml/coverage-04.dtd -->
	<sources>
		<source>/Users/komuw/mystuff/naz</source>
	</sources>
	<packages>
		<package branch-rate="0" complexity="0" line-rate="0.8" name="cli">
			<classes>
				<class branch-rate="0" complexity="0" filename="cli/cli.py" line-rate="0.7143" name="cli.py">
					<methods/>
					<lines>
						<line hits="1" number="1"/>
						<line hits="1" number="2"/>
						<line hits="1" number="3"/>
						<line hits="1" number="4"/>
						<line hits="1" number="5"/>
						<line hits="1" number="6"/>
						<line hits="1" number="7"/>
						<line hits="1" number="9"/>
						<line hits="1" number="11"/>
						<line hits="1" number="14"/>
						<line hits="1" number="41"/>
						<line hits="1" number="42"/>
						<line hits="1" number="43"/>
						<line hits="1" number="44"/>
						<line hits="1" number="45"/>
						<line hits="1" number="46"/>
						<line hits="1" number="47"/>
						<line hits="1" number="48"/>
						<line hits="1" number="49"/>
						<line hits="0" number="50"/>
						<line hits="0" number="51"/>
						<line hits="1" number="52"/>
						<line hits="1" number="53"/>
						<line hits="1" number="54"/>
						<line hits="1" number="57"/>
						<line hits="1" number="61"/>
						<line hits="1" number="69"/>
						<line hits="1" number="75"/>
						<line hits="1" number="84"/>
						<line hits="1" number="91"/>
						<line hits="1" number="100"/>
						<line hits="1" number="103"/>
						<line hits="1" number="106"/>
						<line hits="1" number="107"/>
						<line hits="1" number="108"/>
						<line hits="1" number="109"/>
						<line hits="1" number="110"/>
						<line hits="1" number="111"/>
						<line hits="1" number="112"/>
						<line hits="1" number="113"/>
						<line hits="1" number="115"/>
						<line hits="1" number="116"/>
						<line hits="1" number="117"/>
						<line hits="1" number="118"/>
						<line hits="1" number="120"/>
						<line hits="1" number="121"/>
						<line hits="1" number="122"/>
						<line hits="1" number="123"/>
						<line hits="1" number="126"/>
						<line hits="1" number="129"/>
						<line hits="1" number="130"/>
						<line hits="1" number="131"/>
						<line hits="0" number="132"/>
						<line hits="1" number="133"/>
						<line hits="1" number="136"/>
						<line hits="1" number="137"/>
						<line hits="1" number="139"/>
						<line hits="1" number="140"/>
						<line hits="1" number="141"/>
						<line hits="1" number="154"/>
						<line hits="1" number="155"/>
						<line hits="1" number="156"/>
						<line hits="0" number="158"/>
						<line hits="0" number="159"/>
						<line hits="0" number="160"/>
						<line hits="1" number="162"/>
						<line hits="1" number="163"/>
						<line hits="1" number="164"/>
						<line hits="1" number="166"/>
						<line hits="1" number="167"/>
						<line hits="0" number="168"/>
						<line hits="0" number="169"/>
						<line hits="0" number="170"/>
						<line hits="1" number="172"/>
						<line hits="1" number="173"/>
						<line hits="0" number="174"/>
						<line hits="0" number="175"/>
						<line hits="0" number="176"/>
						<line hits="0" number="177"/>
						<line hits="0" number="178"/>
						<line hits="0" number="179"/>
						<line hits="1" number="180"/>
						<line hits="1" number="181"/>
						<line hits="1" number="182"/>
						<line hits="1" number="183"/>
						<line hits="1" number="184"/>
						<line hits="0" number="185"/>
						<line hits="0" number="186"/>
						<line hits="0" number="187"/>
						<line hits="1" number="188"/>
						<line hits="1" number="189"/>
						<line hits="0" number="190"/>
						<line hits="0" number="191"/>
						<line hits="0" number="192"/>
						<line hits="0" number="193"/>
						<line hits="0" number="194"/>
						<line hits="0" number="195"/>
						<line hits="1" number="196"/>
						<line hits="1" number="197"/>
						<line hits="0" number="198"/>
						<line hits="0" number="199"/>
						<line hits="0" number="200"/>
						<line hits="0" number="201"/>
						<line hits="0" number="202"/>
						<line hits="0" number="203"/>
						<line hits="1" number="207"/>
						<line hits="1" number="210"/>
						<line hits="1" number="212"/>
						<line hits="1" number="214"/>
						<line hits="1" number="215"/>
						<line hits="0" number="218"/>
						<line hits="0" number="223"/>
						<line hits="0" number="224"/>
						<line hits="1" number="225"/>
						<line hits="1" number="226"/>
						<line hits="1" number="227"/>
						<line hits="1" number="229"/>
						<line hits="1" number="233"/>
						<line hits="0" number="234"/>
					</lines>
				</class>
				<class branch-rate="0" complexity="0" filename="cli/test_cli.py" line-rate="0.9821" name="test_cli.py">
					<methods/>
					<lines>
						<line hits="1" number="1"/>
						<line hits="1" number="2"/>
						<line hits="1" number="3"/>
						<line hits="1" number="4"/>
						<line hits="1" number="5"/>
						<line hits="1" number="6"/>
						<line hits="1" number="7"/>
						<line hits="1" number="8"/>
						<line hits="1" number="10"/>
						<line hits="1" number="11"/>
						<line hits="1" number="12"/>
						<line hits="1" number="14"/>
						<line hits="1" number="17"/>
						<line hits="1" number="18"/>
						<line hits="1" number="19"/>
						<line hits="1" number="21"/>
						<line hits="1" number="22"/>
						<line hits="1" number="24"/>
						<line hits="1" number="25"/>
						<line hits="1" number="26"/>
						<line hits="1" number="29"/>
						<line hits="1" number="37"/>
						<line hits="1" number="38"/>
						<line hits="1" number="40"/>
						<line hits="1" number="41"/>
						<line hits="1" number="42"/>
						<line hits="1" number="43"/>
						<line hits="0" number="44"/>
						<line hits="1" number="46"/>
						<line hits="1" number="57"/>
						<line hits="1" number="72"/>
						<line hits="1" number="73"/>
						<line hits="1" number="74"/>
						<line hits="1" number="75"/>
						<line hits="1" number="77"/>
						<line hits="1" number="79"/>
						<line hits="1" number="80"/>
						<line hits="1" number="81"/>
						<line hits="1" number="83"/>
						<line hits="1" number="84"/>
						<line hits="1" number="85"/>
						<line hits="1" number="86"/>
						<line hits="1" number="88"/>
						<line hits="1" number="89"/>
						<line hits="1" number="90"/>
						<line hits="1" number="91"/>
						<line hits="1" number="92"/>
						<line hits="1" number="93"/>
						<line hits="1" number="94"/>
						<line hits="1" number="96"/>
						<line hits="1" number="97"/>
						<line hits="1" number="98"/>
						<line hits="1" number="99"/>
						<line hits="1" number="100"/>
						<line hits="1" number="101"/>
						<line hits="1" number="102"/>
					</lines>
				</class>
			</classes>
		</package>
		<package branch-rate="0" complexity="0" line-rate="0.8756" name="naz">
			<classes>
				<class branch-rate="0" complexity="0" filename="naz/__version__.py" line-rate="1" name="__version__.py">
					<methods/>
					<lines>
						<line hits="1" number="1"/>
					</lines>
				</class>
				<class branch-rate="0" complexity="0" filename="naz/client.py" line-rate="0.8415" name="client.py">
					<methods/>
					<lines>
						<line hits="1" number="1"/>
						<line hits="1" number="2"/>
						<line hits="1" number="3"/>
						<line hits="1" number="4"/>
						<line hits="1" number="6"/>
						<line hits="1" number="7"/>
						<line hits="1" number="8"/>
						<line hits="1" number="9"/>
						<line hits="1" number="10"/>
						<line hits="1" number="19"/>
						<line hits="1" number="23"/>
						<line hits="1" number="70"/>
						<line hits="0" number="71"/>
						<line hits="1" number="76"/>
						<line hits="1" number="77"/>
						<line hits="1" number="84"/>
						<line hits="1" number="85"/>
						<line hits="1" number="86"/>
						<line hits="1" number="87"/>
						<line hits="1" number="88"/>
						<line hits="1" number="89"/>
						<line hits="1" number="90"/>
						<line hits="1" number="91"/>
						<line hits="1" number="92"/>
						<line hits="1" number="93"/>
						<line hits="1" number="94"/>
						<line hits="1" number="95"/>
						<line hits="1" number="97"/>
						<line hits="1" number="98"/>
						<line hits="1" number="99"/>
						<line hits="1" number="101"/>
						<line hits="1" number="102"/>
						<line hits="1" number="103"/>
						<line hits="1" number="104"/>
						<line hits="1" number="105"/>
						<line hits="1" number="106"/>
						<line hits="1" number="108"/>
						<line hits="1" number="109"/>
						<line hits="1" number="110"/>
						<line hits="1" number="111"/>
						<line hits="1" number="113"/>
						<line hits="1" number="114"/>
						<line hits="1" number="115"/>
						<line hits="1" number="116"/>
						<line hits="1" number="117"/>
						<line hits="1" number="118"/>
						<line hits="1" number="119"/>
						<line hits="1" number="120"/>
						<line hits="1" number="121"/>
						<line hits="1" number="122"/>
						<line hits="1" number="123"/>
						<line hits="1" number="124"/>
						<line hits="1" number="125"/>
						<line hits="1" number="126"/>
						<line hits="1" number="129"/>
						<line hits="1" number="144"/>
						<line hits="1" number="145"/>
						<line hits="1" number="231"/>
						<line hits="1" number="234"/>
						<line hits="1" number="264"/>
						<line hits="1" number="266"/>
						<line hits="1" number="267"/>
						<line hits="1" number="270"/>
						<line hits="1" number="271"/>
						<line hits="1" number="272"/>
						<line hits="1" number="273"/>
						<line hits="1" number="274"/>
						<line hits="1" number="275"/>
						<line hits="1" number="276"/>
						<line hits="1" number="277"/>
						<line hits="1" number="278"/>
						<line hits="1" number="280"/>
						<line hits="1" number="281"/>
						<line hits="1" number="282"/>
						<line hits="1" number="284"/>
						<line hits="1" number="285"/>
						<line hits="1" number="286"/>
						<line hits="1" number="288"/>
						<line hits="1" number="289"/>
						<line hits="1" number="290"/>
						<line hits="1" number="294"/>
						<line hits="1" number="301"/>
						<line hits="1" number="303"/>
						<line hits="1" number="304"/>
						<line hits="1" number="305"/>
						<line hits="1" number="306"/>
						<line hits="0" number="307"/>
						<line hits="1" number="309"/>
						<line hits="1" number="310"/>
						<line hits="1" number="311"/>
						<line hits="1" number="312"/>
						<line hits="0" number="313"/>
						<line hits="1" number="315"/>
						<line hits="1" number="316"/>
						<line hits="1" number="317"/>
						<line hits="1" number="320"/>
						<line hits="1" number="321"/>
						<line hits="1" number="322"/>
						<line hits="1" number="323"/>
						<line hits="1" number="325"/>
						<line hits="1" number="326"/>
						<line hits="1" number="328"/>
						<line hits="1" number="329"/>
						<line hits="1" number="345"/>
						<line hits="1" number="346"/>
						<line hits="1" number="348"/>
						<line hits="1" number="349"/>
						<line hits="1" number="350"/>
						<line hits="0" number="351"/>
						<line hits="0" number="352"/>
						<line hits="1" number="356"/>
						<line hits="0" number="358"/>
						<line hits="1" number="363"/>
						<line hits="1" number="365"/>
						<line hits="1" number="366"/>
						<line hits="1" number="367"/>
						<line hits="1" number="368"/>
						<line hits="1" number="370"/>
						<line hits="1" number="381"/>
						<line hits="1" number="382"/>
						<line hits="1" number="390"/>
						<line hits="1" number="393"/>
						<line hits="1" number="394"/>
						<line hits="1" number="395"/>
						<line hits="1" number="396"/>
						<line hits="1" number="397"/>
						<line hits="0" number="398"/>
						<line hits="0" number="399"/>
						<line hits="1" number="407"/>
						<line hits="0" number="409"/>
						<line hits="1" number="414"/>
						<line hits="1" number="418"/>
						<line hits="1" number="420"/>
						<line hits="1" number="421"/>
						<line hits="1" number="428"/>
						<line hits="1" number="429"/>
						<line hits="0" number="430"/>
						<line hits="1" number="432"/>
						<line hits="1" number="444"/>
						<line hits="1" number="451"/>
						<line hits="1" number="454"/>
						<line hits="1" number="455"/>
						<line hits="1" number="456"/>
						<line hits="1" number="457"/>
						<line hits="1" number="458"/>
						<line hits="1" number="460"/>
						<line hits="1" number="461"/>
						<line hits="1" number="467"/>
						<line hits="1" number="468"/>
						<line hits="0" number="469"/>
						<line hits="0" number="470"/>
						<line hits="1" number="478"/>
						<line hits="1" number="486"/>
						<line hits="1" number="497"/>
						<line hits="1" number="502"/>
						<line hits="1" number="505"/>
						<line hits="1" number="506"/>
						<line hits="1" number="507"/>
						<line hits="1" number="508"/>
						<line hits="1" number="509"/>
						<line hits="1" number="511"/>
						<line hits="1" number="513"/>
						<line hits="1" number="514"/>
						<line hits="1" number="518"/>
						<line hits="1" number="530"/>
						<line hits="1" number="538"/>
						<line hits="1" number="539"/>
						<line hits="1" number="540"/>
						<line hits="1" number="543"/>
						<line hits="1" number="544"/>
						<line hits="1" number="545"/>
						<line hits="1" number="546"/>
						<line hits="1" number="547"/>
						<line hits="1" number="549"/>
						<line hits="1" number="550"/>
						<line hits="1" number="556"/>
						<line hits="1" number="557"/>
						<line hits="0" number="558"/>
						<line hits="0" number="559"/>
						<line hits="1" number="568"/>
						<line hits="1" number="577"/>
						<line hits="1" number="611"/>
						<line hits="1" number="621"/>
						<line hits="1" number="629"/>
						<line hits="1" number="630"/>
						<line hits="0" number="631"/>
						<line hits="0" number="632"/>
						<line hits="1" number="640"/>
						<line hits="1" number="651"/>
						<line hits="1" number="654"/>
						<line hits="1" number="664"/>
						<line hits="1" number="665"/>
						<line hits="1" number="668"/>
						<line hits="1" number="669"/>
						<line hits="1" number="697"/>
						<line hits="1" number="698"/>
						<line hits="1" number="700"/>
						<line hits="1" number="701"/>
						<line hits="1" number="702"/>
						<line hits="0" number="703"/>
						<line hits="0" number="704"/>
						<line hits="1" number="712"/>
						<line hits="0" number="714"/>
						<line hits="1" number="720"/>
						<line hits="1" number="721"/>
						<line hits="1" number="722"/>
						<line hits="1" number="724"/>
						<line hits="1" number="734"/>
						<line hits="1" number="736"/>
						<line hits="1" number="743"/>
						<line hits="1" number="744"/>
						<line hits="1" number="745"/>
						<line hits="0" number="746"/>
						<line hits="0" number="747"/>
						<line hits="1" number="748"/>
						<line hits="1" number="758"/>
						<line hits="0" number="759"/>
						<line hits="1" number="762"/>
						<line hits="1" number="763"/>
						<line hits="0" number="764"/>
						<line hits="0" number="765"/>
						<line hits="1" number="776"/>
						<line hits="1" number="777"/>
						<line hits="1" number="778"/>
						<line hits="1" number="788"/>
						<line hits="1" number="789"/>
						<line hits="1" number="790"/>
						<line hits="1" number="794"/>
						<line hits="1" number="796"/>
						<line hits="0" number="797"/>
						<line hits="0" number="798"/>
						<line hits="0" number="806"/>
						<line hits="1" number="807"/>
						<line hits="1" number="808"/>
						<line hits="1" number="810"/>
						<line hits="0" number="811"/>
						<line hits="0" number="812"/>
						<line hits="0" number="820"/>
						<line hits="1" number="822"/>
						<line hits="1" number="823"/>
						<line hits="0" number="824"/>
						<line hits="0" number="825"/>
						<line hits="0" number="833"/>
						<line hits="1" number="834"/>
						<line hits="1" number="835"/>
						<line hits="1" number="836"/>
						<line hits="1" number="837"/>
						<line hits="1" number="838"/>
						<line hits="1" number="839"/>
						<line hits="1" number="840"/>
						<line hits="1" number="841"/>
						<line hits="1" number="842"/>
						<line hits="1" number="843"/>
						<line hits="0" number="847"/>
						<line hits="0" number="848"/>
						<line hits="0" number="849"/>
						<line hits="0" number="852"/>
						<line hits="0" number="860"/>
						<line hits="1" number="862"/>
						<line hits="1" number="865"/>
						<line hits="1" number="874"/>
						<line hits="1" number="876"/>
						<line hits="1" number="879"/>
						<line hits="1" number="886"/>
						<line hits="1" number="887"/>
						<line hits="0" number="888"/>
						<line hits="0" number="889"/>
						<line hits="0" number="897"/>
						<line hits="1" number="898"/>
						<line hits="1" number="900"/>
						<line hits="0" number="901"/>
						<line hits="1" number="903"/>
						<line hits="1" number="906"/>
						<line hits="1" number="907"/>
						<line hits="1" number="909"/>
						<line hits="1" number="910"/>
						<line hits="0" number="911"/>
						<line hits="0" number="919"/>
						<line hits="0" number="920"/>
						<line hits="1" number="922"/>
						<line hits="1" number="924"/>
						<line hits="1" number="925"/>
						<line hits="1" number="926"/>
						<line hits="1" number="927"/>
						<line hits="1" number="928"/>
						<line hits="1" number="929"/>
						<line hits="0" number="930"/>
						<line hits="0" number="937"/>
						<line hits="1" number="938"/>
						<line hits="1" number="939"/>
						<line hits="1" number="940"/>
						<line hits="1" number="941"/>
						<line hits="1" number="942"/>
						<line hits="1" number="943"/>
						<line hits="1" number="945"/>
						<line hits="1" number="947"/>
						<line hits="1" number="950"/>
						<line hits="1" number="952"/>
						<line hits="1" number="953"/>
						<line hits="1" number="954"/>
						<line hits="1" number="956"/>
						<line hits="1" number="957"/>
						<line hits="1" number="958"/>
						<line hits="1" number="960"/>
						<line hits="1" number="961"/>
						<line hits="1" number="962"/>
						<line hits="1" number="964"/>
						<line hits="1" number="966"/>
						<line hits="1" number="967"/>
						<line hits="0" number="968"/>
						<line hits="0" number="976"/>
						<line hits="1" number="979"/>
						<line hits="1" number="982"/>
						<line hits="0" number="983"/>
						<line hits="0" number="984"/>
						<line hits="1" number="995"/>
						<line hits="1" number="996"/>
						<line hits="1" number="997"/>
						<line hits="1" number="998"/>
						<line hits="1" number="1006"/>
						<line hits="1" number="1016"/>
						<line hits="1" number="1030"/>
						<line hits="1" number="1034"/>
						<line hits="1" number="1036"/>
						<line hits="1" number="1047"/>
						<line hits="1" number="1058"/>
						<line hits="1" number="1060"/>
						<line hits="1" number="1061"/>
						<line hits="1" number="1062"/>
						<line hits="1" number="1063"/>
						<line hits="0" number="1064"/>
						<line hits="0" number="1065"/>
						<line hits="1" number="1076"/>
						<line hits="0" number="1090"/>
						<line hits="1" number="1091"/>
						<line hits="1" number="1094"/>
						<line hits="1" number="1095"/>
						<line hits="1" number="1101"/>
						<line hits="1" number="1102"/>
						<line hits="1" number="1133"/>
						<line hits="1" number="1136"/>
						<line hits="1" number="1139"/>
						<line hits="0" number="1143"/>
						<line hits="1" number="1155"/>
						<line hits="1" number="1168"/>
						<line hits="1" number="1172"/>
						<line hits="1" number="1175"/>
						<line hits="1" number="1176"/>
						<line hits="1" number="1177"/>
						<line hits="1" number="1178"/>
						<line hits="1" number="1179"/>
						<line hits="0" number="1180"/>
						<line hits="0" number="1181"/>
						<line hits="1" number="1189"/>
						<line hits="0" number="1191"/>
						<line hits="1" number="1196"/>
						<line hits="1" number="1198"/>
						<line hits="1" number="1200"/>
						<line hits="1" number="1201"/>
						<line hits="1" number="1206"/>
						<line hits="1" number="1212"/>
						<line hits="1" number="1213"/>
						<line hits="1" number="1214"/>
						<line hits="1" number="1216"/>
						<line hits="1" number="1217"/>
						<line hits="1" number="1218"/>
					</lines>
				</class>
				<class branch-rate="0" complexity="0" filename="naz/hooks.py" line-rate="0.8571" name="hooks.py">
					<methods/>
					<lines>
						<line hits="1" number="1"/>
						<line hits="1" number="2"/>
						<line hits="1" number="5"/>
						<line hits="1" number="15"/>
						<line hits="0" number="30"/>
						<line hits="1" number="32"/>
						<line hits="0" number="47"/>
						<line hits="1" number="50"/>
						<line hits="1" number="55"/>
						<line hits="1" number="56"/>
						<line hits="1" number="58"/>
						<line hits="1" number="62"/>
						<line hits="1" number="71"/>
						<line hits="1" number="75"/>
					</lines>
				</class>
				<class branch-rate="0" complexity="0" filename="naz/nazcodec.py" line-rate="0.9775" name="nazcodec.py">
					<methods/>
					<lines>
						<line hits="1" number="35"/>
						<line hits="1" number="36"/>
						<line hits="1" number="43"/>
						<line hits="1" number="44"/>
						<line hits="1" number="47"/>
						<line hits="1" number="51"/>
						<line hits="1" number="57"/>
						<line hits="1" number="59"/>
						<line hits="1" number="64"/>
						<line hits="1" number="66"/>
						<line hits="1" number="76"/>
						<line hits="1" number="77"/>
						<line hits="1" number="78"/>
						<line hits="1" number="79"/>
						<line hits="1" number="80"/>
						<line hits="1" number="81"/>
						<line hits="1" number="82"/>
						<line hits="1" number="83"/>
						<line hits="1" number="84"/>
						<line hits="1" number="86"/>
						<line hits="1" number="88"/>
						<line hits="1" number="93"/>
						<line hits="1" number="94"/>
						<line hits="1" number="96"/>
						<line hits="1" number="97"/>
						<line hits="1" number="98"/>
						<line hits="0" number="99"/>
						<line hits="1" number="100"/>
						<line hits="1" number="102"/>
						<line hits="1" number="103"/>
						<line hits="1" number="105"/>
						<line hits="1" number="106"/>
						<line hits="1" number="108"/>
						<line hits="1" number="109"/>
						<line hits="1" number="111"/>
						<line hits="1" number="115"/>
						<line hits="1" number="116"/>
						<line hits="1" number="117"/>
						<line hits="1" number="118"/>
						<line hits="1" number="119"/>
						<line hits="1" number="120"/>
						<line hits="1" number="121"/>
						<line hits="1" number="123"/>
						<line hits="1" number="124"/>
						<line hits="1" number="125"/>
						<line hits="1" number="129"/>
						<line hits="1" number="130"/>
						<line hits="1" number="132"/>
						<line hits="1" number="133"/>
						<line hits="1" number="134"/>
						<line hits="0" number="135"/>
						<line hits="1" number="136"/>
						<line hits="1" number="138"/>
						<line hits="1" number="139"/>
						<line hits="1" number="143"/>
						<line hits="1" number="144"/>
						<line hits="1" number="146"/>
						<line hits="1" number="147"/>
						<line hits="1" number="150"/>
						<line hits="1" number="156"/>
						<line hits="1" number="157"/>
						<line hits="1" number="159"/>
						<line hits="1" number="160"/>
						<line hits="1" number="163"/>
						<line hits="1" number="176"/>
						<line hits="1" number="178"/>
						<line hits="1" number="179"/>
						<line hits="1" number="181"/>
						<line hits="1" number="186"/>
						<line hits="1" number="187"/>
						<line hits="1" number="189"/>
						<line hits="1" number="190"/>
						<line hits="1" number="191"/>
						<line hits="1" number="192"/>
						<line hits="1" number="193"/>
						<line hits="1" number="195"/>
						<line hits="1" number="196"/>
						<line hits="1" number="197"/>
						<line hits="1" number="199"/>
						<line hits="1" number="204"/>
						<line hits="1" number="205"/>
						<line hits="1" number="207"/>
						<line hits="1" number="208"/>
						<line hits="1" number="209"/>
						<line hits="1" number="210"/>
						<line hits="1" number="211"/>
						<line hits="1" number="213"/>
						<line hits="1" number="214"/>
						<line hits="1" number="215"/>
					</lines>
				</class>
				<class branch-rate="0" complexity="0" filename="naz/q.py" line-rate="0.7857" name="q.py">
					<methods/>
					<lines>
						<line hits="1" number="1"/>
						<line hits="1" number="3"/>
						<line hits="1" number="6"/>
						<line hits="1" number="13"/>
						<line hits="0" number="14"/>
						<line hits="1" number="16"/>
						<line hits="0" number="17"/>
						<line hits="1" number="20"/>
						<line hits="1" number="25"/>
						<line hits="1" number="29"/>
						<line hits="1" number="31"/>
						<line hits="1" number="32"/>
						<line hits="1" number="34"/>
						<line hits="0" number="35"/>
					</lines>
				</class>
				<class branch-rate="0" complexity="0" filename="naz/ratelimiter.py" line-rate="0.9697" name="ratelimiter.py">
					<methods/>
					<lines>
						<line hits="1" number="1"/>
						<line hits="1" number="2"/>
						<line hits="1" number="3"/>
						<line hits="1" number="6"/>
						<line hits="1" number="13"/>
						<line hits="0" number="14"/>
						<line hits="1" number="17"/>
						<line hits="1" number="29"/>
						<line hits="1" number="46"/>
						<line hits="1" number="47"/>
						<line hits="1" number="48"/>
						<line hits="1" number="49"/>
						<line hits="1" number="50"/>
						<line hits="1" number="52"/>
						<line hits="1" number="53"/>
						<line hits="1" number="54"/>
						<line hits="1" number="56"/>
						<line hits="1" number="57"/>
						<line hits="1" number="58"/>
						<line hits="1" number="59"/>
						<line hits="1" number="61"/>
						<line hits="1" number="62"/>
						<line hits="1" number="73"/>
						<line hits="1" number="74"/>
						<line hits="1" number="76"/>
						<line hits="1" number="77"/>
						<line hits="1" number="78"/>
						<line hits="1" number="79"/>
						<line hits="1" number="80"/>
						<line hits="1" number="81"/>
						<line hits="1" number="82"/>
						<line hits="1" number="83"/>
						<line hits="1" number="84"/>
					</lines>
				</class>
				<class branch-rate="0" complexity="0" filename="naz/sequence.py" line-rate="0.8462" name="sequence.py">
					<methods/>
					<lines>
						<line hits="1" number="1"/>
						<line hits="1" number="15"/>
						<line hits="0" number="19"/>
						<line hits="1" number="22"/>
						<line hits="1" number="27"/>
						<line hits="1" number="28"/>
						<line hits="1" number="30"/>
						<line hits="1" number="31"/>
						<line hits="1" number="33"/>
						<line hits="1" number="34"/>
						<line hits="0" number="36"/>
						<line hits="1" number="38"/>
						<line hits="1" number="39"/>
					</lines>
				</class>
				<class branch-rate="0" complexity="0" filename="naz/throttle.py" line-rate="0.9184" name="throttle.py">
					<methods/>
					<lines>
						<line hits="1" number="1"/>
						<line hits="1" number="2"/>
						<line hits="1" number="5"/>
						<line hits="1" number="12"/>
						<line hits="0" number="16"/>
						<line hits="1" number="18"/>
						<line hits="0" number="22"/>
						<line hits="1" number="24"/>
						<line hits="0" number="29"/>
						<line hits="1" number="31"/>
						<line hits="0" number="36"/>
						<line hits="1" number="39"/>
						<line hits="1" number="40"/>
						<line hits="1" number="64"/>
						<line hits="1" number="65"/>
						<line hits="1" number="66"/>
						<line hits="1" number="68"/>
						<line hits="1" number="69"/>
						<line hits="1" number="70"/>
						<line hits="1" number="71"/>
						<line hits="1" number="72"/>
						<line hits="1" number="74"/>
						<line hits="1" number="75"/>
						<line hits="1" number="76"/>
						<line hits="1" number="77"/>
						<line hits="1" number="79"/>
						<line hits="1" number="80"/>
						<line hits="1" number="82"/>
						<line hits="1" number="83"/>
						<line hits="1" number="85"/>
						<line hits="1" number="86"/>
						<line hits="1" number="87"/>
						<line hits="1" number="89"/>
						<line hits="1" number="90"/>
						<line hits="1" number="91"/>
						<line hits="1" number="94"/>
						<line hits="1" number="95"/>
						<line hits="1" number="96"/>
						<line hits="1" number="97"/>
						<line hits="1" number="98"/>
						<line hits="1" number="111"/>
						<line hits="1" number="112"/>
						<line hits="1" number="125"/>
						<line hits="1" number="127"/>
						<line hits="1" number="128"/>
						<line hits="1" number="130"/>
						<line hits="1" number="131"/>
						<line hits="1" number="133"/>
						<line hits="1" number="135"/>
					</lines>
				</class>
			</classes>
		</package>
	</packages>
</coverage>
